[2025-05-24 22:45:44.295] INFO    logger.py:106 (<module>): File logging initialized. Level: DEBUG. Output: c:\Users\ahmad\OneDrive\Computer Files\Programming\Scripts\Github\Scripts\Python Scripts\Canvas Scripts\2024\Python Game\Platformer\platformer_debug.log
[2025-05-24 22:45:44.295] INFO    logger.py:108 (<module>): Console logging initialized. Level: INFO.
[2025-05-24 22:45:44.514] DEBUG   logger.py:143 (_log_wrapper): CouchPlayLogic: Successfully aliased project's logger functions.
[2025-05-24 22:45:44.535] INFO    logger.py:143 (_log_wrapper): Application starting via app_core.main()...
[2025-05-24 22:45:44.538] INFO    logger.py:143 (_log_wrapper): AppCore: UI Joystick list (for UI nav) refreshed. Count: 0.
[2025-05-24 22:45:44.538] INFO    logger.py:143 (_log_wrapper): AppCore: prev_button_state list (for game input) size: 16 (to handle max instance ID).
[2025-05-24 22:45:44.547] INFO    logger.py:143 (_log_wrapper): MainWindow: Switching UI view to: menu
[2025-05-24 22:45:44.548] INFO    logger.py:143 (_log_wrapper): MainWindow initialization complete.
[2025-05-24 22:45:45.401] INFO    logger.py:143 (_log_wrapper): GAME_MODES: Initiating Player Selection for Couch Co-op.
[2025-05-24 22:45:46.158] INFO    logger.py:143 (_log_wrapper): Couch Co-op: 2 players selected.
[2025-05-24 22:45:46.158] INFO    logger.py:143 (_log_wrapper): GAME_MODES: Initiating map selection for Couch Co-op (2 players).
[2025-05-24 22:45:46.158] INFO    logger.py:143 (_log_wrapper): LevelLoader initialized (for .py map modules with cache busting).
[2025-05-24 22:45:46.159] INFO    logger.py:143 (_log_wrapper): LevelLoader: Attempting to load map module 'maps.4p2' from file: c:\Users\ahmad\OneDrive\Computer Files\Programming\Scripts\Github\Scripts\Python Scripts\Canvas Scripts\2024\Python Game\Platformer\maps\4p2.py
[2025-05-24 22:45:46.159] DEBUG   logger.py:143 (_log_wrapper): LevelLoader: Invalidated import caches.
[2025-05-24 22:45:46.163] INFO    logger.py:143 (_log_wrapper): LevelLoader: Map data for '4p2' loaded successfully via function 'load_map_4p2'.
[2025-05-24 22:45:46.164] INFO    logger.py:143 (_log_wrapper): LevelLoader: Attempting to load map module 'maps.4players' from file: c:\Users\ahmad\OneDrive\Computer Files\Programming\Scripts\Github\Scripts\Python Scripts\Canvas Scripts\2024\Python Game\Platformer\maps\4players.py
[2025-05-24 22:45:46.165] INFO    logger.py:143 (_log_wrapper): LevelLoader: Map data for '4players' loaded successfully via function 'load_map_4players'.
[2025-05-24 22:45:46.165] INFO    logger.py:143 (_log_wrapper): LevelLoader: Attempting to load map module 'maps.four' from file: c:\Users\ahmad\OneDrive\Computer Files\Programming\Scripts\Github\Scripts\Python Scripts\Canvas Scripts\2024\Python Game\Platformer\maps\four.py
[2025-05-24 22:45:46.167] INFO    logger.py:143 (_log_wrapper): LevelLoader: Map data for 'four' loaded successfully via function 'load_map_four'.
[2025-05-24 22:45:46.167] INFO    logger.py:143 (_log_wrapper): LevelLoader: Attempting to load map module 'maps.test' from file: c:\Users\ahmad\OneDrive\Computer Files\Programming\Scripts\Github\Scripts\Python Scripts\Canvas Scripts\2024\Python Game\Platformer\maps\test.py
[2025-05-24 22:45:46.170] INFO    logger.py:143 (_log_wrapper): LevelLoader: Map data for 'test' loaded successfully via function 'load_map_test'.
[2025-05-24 22:45:46.171] INFO    logger.py:143 (_log_wrapper): LevelLoader: Attempting to load map module 'maps.three' from file: c:\Users\ahmad\OneDrive\Computer Files\Programming\Scripts\Github\Scripts\Python Scripts\Canvas Scripts\2024\Python Game\Platformer\maps\three.py
[2025-05-24 22:45:46.172] INFO    logger.py:143 (_log_wrapper): LevelLoader: Map data for 'three' loaded successfully via function 'load_map_three'.
[2025-05-24 22:45:46.173] INFO    logger.py:143 (_log_wrapper): MainWindow: Switching UI view to: map_select
[2025-05-24 22:45:46.963] INFO    logger.py:143 (_log_wrapper): GAME_MODES: Starting Couch Co-op with map 'three' for 2 players.
[2025-05-24 22:45:46.963] INFO    logger.py:143 (_log_wrapper): GAME_MODES: Preparing game. Mode: couch_play, Map: three, Target: None, CouchPlayers: 2
[2025-05-24 22:45:46.987] INFO    logger.py:143 (_log_wrapper): GAME_MODES (_initialize_game_entities): Delegating to game_setup.initialize_game_elements for map 'three', mode 'couch_play', couch_players: 2.
[2025-05-24 22:45:46.987] INFO    logger.py:143 (_log_wrapper): GameSetup: --- FULL MAP (RE)LOAD & ENTITY RE-INITIALIZATION ---
[2025-05-24 22:45:46.987] INFO    logger.py:143 (_log_wrapper): GameSetup: Mode: 'couch_play', Screen: 100x30, Target Map: 'three'
[2025-05-24 22:45:47.003] INFO    logger.py:143 (_log_wrapper): LevelLoader initialized (for .py map modules with cache busting).
[2025-05-24 22:45:47.004] INFO    logger.py:143 (_log_wrapper): LevelLoader: Attempting to load map module 'maps.three' from file: c:\Users\ahmad\OneDrive\Computer Files\Programming\Scripts\Github\Scripts\Python Scripts\Canvas Scripts\2024\Python Game\Platformer\maps\three.py
[2025-05-24 22:45:47.005] INFO    logger.py:143 (_log_wrapper): LevelLoader: Map data for 'three' loaded successfully via function 'load_map_three'.
[2025-05-24 22:45:47.005] INFO    logger.py:143 (_log_wrapper): GameSetup: Successfully reloaded pristine map data for 'three'.
[2025-05-24 22:45:47.007] INFO    logger.py:143 (_log_wrapper): GameSetup: Static map elements re-created. Platforms: 11
[2025-05-24 22:45:47.134] INFO    logger.py:143 (_log_wrapper): GameSetup: player1 RE-CREATED. Pos: (210.5,918.0), Control: keyboard_p1
[2025-05-24 22:45:47.240] DEBUG   logger.py:143 (_log_wrapper): Player 2 initialized. Valid: True. CollisionRect: W10.5 H32.3
[2025-05-24 22:45:47.240] INFO    logger.py:143 (_log_wrapper): GameSetup: player2 RE-CREATED. Pos: (130.5,918.0), Control: keyboard_p2
[2025-05-24 22:45:47.240] INFO    logger.py:143 (_log_wrapper): GameSetup: Total active players RE-CREATED: 2
[2025-05-24 22:45:47.468] INFO    logger.py:143 (_log_wrapper): GameSetup: Enemies re-created: 5
[2025-05-24 22:45:47.468] INFO    logger.py:143 (_log_wrapper): GameSetup: Statues re-created: 0
[2025-05-24 22:45:47.482] INFO    logger.py:143 (_log_wrapper): GameSetup (Reset): Chest RE-CREATED at (181.0, 625.0) from fresh map data.
[2025-05-24 22:45:47.483] INFO    logger.py:143 (_log_wrapper): Camera initialized: Viewport(100.0x30.0), WorldBounds(X: 0.0 to 1600.0, Y: 0.0 to 1000.0)
[2025-05-24 22:45:47.483] INFO    logger.py:143 (_log_wrapper): GameSetup: Camera re-initialized and focused.
[2025-05-24 22:45:47.483] INFO    logger.py:143 (_log_wrapper): GameSetup: --- Full Map (Re)Load & Entity Re-Initialization COMPLETE for map 'three' ---
[2025-05-24 22:45:47.483] INFO    logger.py:143 (_log_wrapper): GAME_MODES: game_setup.initialize_game_elements SUCCEEDED for map 'three', mode 'couch_play'.
[2025-05-24 22:45:47.492] INFO    logger.py:143 (_log_wrapper): MainWindow: Switching UI view to: game_scene
[2025-05-24 22:45:47.492] INFO    logger.py:143 (_log_wrapper): GameSceneWidget resizeEvent to: 1280.0x649.0
[2025-05-24 22:45:47.492] INFO    logger.py:143 (_log_wrapper): Camera Screen Dims Set: 1280.0x649.0
[2025-05-24 22:45:47.523] INFO    logger.py:143 (_log_wrapper): GAME_MODES: Couch play ready.
[2025-05-24 22:45:48.325] DEBUG   logger.py:143 (_log_wrapper): Enemy 2 (gray): Applying aflame effect.
[2025-05-24 22:45:49.364] DEBUG   logger.py:143 (_log_wrapper): PlayerStateHandler (P1): State changing from 'idle' to 'jump' (original request was 'jump')
[2025-05-24 22:45:50.484] DEBUG   logger.py:143 (_log_wrapper): P1 Kbd Intent: L=False, R=False, U=False, D=False
[2025-05-24 22:45:51.477] DEBUG   logger.py:233 (log_player_physics): P1 PHYS-CHG: UPDATE_START       | Pos:(263.55,920.00) Vel:( 0.00, 0.00) Acc:(0.00,0.00) State:idle OnG:True WallT:0
[2025-05-24 22:45:52.221] INFO    logger.py:143 (_log_wrapper): GAME_MODES: Stopping current game mode: couch_play
[2025-05-24 22:45:52.230] INFO    logger.py:143 (_log_wrapper): GAME_MODES: Cleared all game_elements.
[2025-05-24 22:45:52.230] INFO    logger.py:143 (_log_wrapper): GameSceneWidget: Clearing visual state for new game (download messages).
[2025-05-24 22:45:52.231] INFO    logger.py:143 (_log_wrapper): MainWindow: Switching UI view to: menu
[2025-05-24 22:45:52.232] INFO    logger.py:143 (_log_wrapper): GAME_MODES: Game mode 'couch_play' stopped and resources cleaned up.
[2025-05-24 22:45:52.774] INFO    logger.py:143 (_log_wrapper): MainWindow: request_close_app called. Initiating close sequence.
[2025-05-24 22:45:52.775] INFO    logger.py:143 (_log_wrapper): MainWindow: Close event received. Shutting down application.
[2025-05-24 22:45:52.775] DEBUG   logger.py:143 (_log_wrapper): closeEvent called.
[2025-05-24 22:45:52.775] INFO    logger.py:143 (_log_wrapper): APP_STATUS: quit_app() called.
[2025-05-24 22:45:52.775] INFO    logger.py:143 (_log_wrapper): GAME_MODES: Stopping current game mode: None
[2025-05-24 22:45:52.776] INFO    logger.py:143 (_log_wrapper): GAME_MODES: Cleared all game_elements.
[2025-05-24 22:45:52.776] INFO    logger.py:143 (_log_wrapper): GameSceneWidget: Clearing visual state for new game (download messages).
[2025-05-24 22:45:52.777] INFO    logger.py:143 (_log_wrapper): GAME_MODES: Game mode 'None' stopped and resources cleaned up.
[2025-05-24 22:45:52.778] INFO    logger.py:143 (_log_wrapper): MainWindow: Pygame Joystick system quit.
[2025-05-24 22:45:52.813] INFO    logger.py:143 (_log_wrapper): MainWindow: Pygame system quit.
[2025-05-24 22:45:52.814] INFO    logger.py:143 (_log_wrapper): MainWindow: Application shutdown sequence complete.
[2025-05-24 22:45:52.834] INFO    logger.py:143 (_log_wrapper): QApplication event loop finished. Exit code: 0
[2025-05-24 22:45:52.834] INFO    logger.py:143 (_log_wrapper): Application fully terminated.
